<?xml version="1.0" encoding="UTF-8"?>
<!-- Generated by org.testng.reporters.JUnitReportReporter -->
<testsuite hostname="DESKTOP-4JKAPDL" failures="0" tests="1" name="Appium01.MobileTesting01" time="28.598" errors="0" timestamp="2023-01-17T13:15:58 IST" skipped="0">
  <testcase classname="Appium01.MobileTesting01" name="demo" time="28.598"/>
  <system-out/>
</testsuite> <!-- Appium01.MobileTesting01 -->
