<?xml version="1.0" encoding="UTF-8"?>
<!-- Generated by org.testng.reporters.JUnitReportReporter -->
<testsuite hostname="DESKTOP-4JKAPDL" failures="0" tests="1" name="Appium01.NativeApps" time="30.880" errors="0" timestamp="2023-01-19T10:15:42 IST" skipped="0">
  <testcase classname="Appium01.NativeApps" name="Test1" time="30.880"/>
  <system-out/>
</testsuite> <!-- Appium01.NativeApps -->
