<?xml version="1.0" encoding="UTF-8"?>
<!-- Generated by org.testng.reporters.JUnitReportReporter -->
<testsuite hostname="DESKTOP-4JKAPDL" failures="0" tests="1" name="Appium01.NativeApps2" time="13.889" errors="0" timestamp="2023-01-19T11:02:34 IST" skipped="0">
  <testcase classname="Appium01.NativeApps2" name="test1" time="13.889"/>
  <system-out/>
</testsuite> <!-- Appium01.NativeApps2 -->
