<?xml version="1.0" encoding="UTF-8"?>
<!-- Generated by org.testng.reporters.JUnitReportReporter -->
<testsuite hostname="DESKTOP-4JKAPDL" failures="0" tests="3" name="hybridApps2.hybridApp_02" time="39.173" errors="0" timestamp="2023-01-24T12:01:04 IST" skipped="2">
  <testcase classname="hybridApps2.hybridApp_02" name="Search" time="39.173"/>
  <system-out/>
  <testcase classname="hybridApps2.hybridApp_02" name="signIn_joinClass_SignOut">
    <skipped/>
  </testcase> <!-- signIn_joinClass_SignOut -->
  <system-out/>
  <testcase classname="hybridApps2.hybridApp_02" name="KhanAcademyKids">
    <skipped/>
  </testcase> <!-- KhanAcademyKids -->
  <system-out/>
</testsuite> <!-- hybridApps2.hybridApp_02 -->
