<?xml version="1.0" encoding="UTF-8"?>
<!-- Generated by org.testng.reporters.JUnitReportReporter -->
<testsuite hostname="DESKTOP-4JKAPDL" failures="0" tests="1" name="hybridApps.hybridApp_01" time="46.743" errors="0" timestamp="2023-01-19T19:58:04 IST" skipped="0">
  <testcase classname="hybridApps.hybridApp_01" name="test1" time="46.743"/>
  <system-out/>
</testsuite> <!-- hybridApps.hybridApp_01 -->
